<?xml version="1.0" encoding="UTF-8"?>
<testng-results ignored="0" total="1" passed="1" failed="0" skipped="0">
  <reporter-output>
  </reporter-output>
  <suite started-at="2020-03-12T19:34:44 IST" name="Default suite" finished-at="2020-03-12T19:34:45 IST" duration-ms="1340">
    <groups>
    </groups>
    <test started-at="2020-03-12T19:34:44 IST" name="Default test" finished-at="2020-03-12T19:34:45 IST" duration-ms="1340">
      <class name="seleniumSessions.ExcelReadWrite">
        <test-method signature="excelReadWrite()[pri:0, instance:seleniumSessions.ExcelReadWrite@1198b989]" started-at="2020-03-12T19:34:44 IST" name="excelReadWrite" finished-at="2020-03-12T19:34:45 IST" duration-ms="1251" status="PASS">
          <reporter-output>
          </reporter-output>
        </test-method> <!-- excelReadWrite -->
      </class> <!-- seleniumSessions.ExcelReadWrite -->
    </test> <!-- Default test -->
  </suite> <!-- Default suite -->
</testng-results>
